app/antivol-mobile-v2/app/build/intermediates/manifest_merge_blame_file/debug/processDebugMainManifest/manifest-merger-blame-debug-report.txt
1<?xml version="1.0" encoding="utf-8"?>
2<manifest xmlns:android="http://schemas.android.com/apk/res/android"
3    package="com.antivol.mobile"
4    android:versionCode="2"
5    android:versionName="2.0" >
6
7    <uses-sdk
8        android:minSdkVersion="21"
9        android:targetSdkVersion="34" />
10
11    <uses-permission android:name="android.permission.INTERNET" />
11-->src\main\AndroidManifest.xml:4:5-67
11-->src\main\AndroidManifest.xml:4:22-64
12    <uses-permission android:name="android.permission.ACCESS_NETWORK_STATE" />
12-->src\main\AndroidManifest.xml:5:5-79
12-->src\main\AndroidManifest.xml:5:22-76
13    <uses-permission android:name="android.permission.RECEIVE_BOOT_COMPLETED" />
13-->src\main\AndroidManifest.xml:6:5-81
13-->src\main\AndroidManifest.xml:6:22-78
14    <uses-permission android:name="android.permission.FOREGROUND_SERVICE" />
14-->src\main\AndroidManifest.xml:7:5-77
14-->src\main\AndroidManifest.xml:7:22-74
15    <uses-permission android:name="android.permission.FOREGROUND_SERVICE_LOCATION" />
15-->src\main\AndroidManifest.xml:8:5-86
15-->src\main\AndroidManifest.xml:8:22-83
16    <uses-permission android:name="android.permission.ACCESS_FINE_LOCATION" />
16-->src\main\AndroidManifest.xml:9:5-79
16-->src\main\AndroidManifest.xml:9:22-76
17    <uses-permission android:name="android.permission.ACCESS_COARSE_LOCATION" />
17-->src\main\AndroidManifest.xml:10:5-81
17-->src\main\AndroidManifest.xml:10:22-78
18    <uses-permission android:name="android.permission.REQUEST_IGNORE_BATTERY_OPTIMIZATIONS" />
18-->src\main\AndroidManifest.xml:11:5-95
18-->src\main\AndroidManifest.xml:11:22-92
19    <uses-permission android:name="android.permission.WAKE_LOCK" />
19-->src\main\AndroidManifest.xml:12:5-68
19-->src\main\AndroidManifest.xml:12:22-65
20    <uses-permission android:name="android.permission.POST_NOTIFICATIONS" />
20-->src\main\AndroidManifest.xml:13:5-77
20-->src\main\AndroidManifest.xml:13:22-74
21    <uses-permission android:name="android.permission.SYSTEM_ALERT_WINDOW" />
21-->src\main\AndroidManifest.xml:14:5-78
21-->src\main\AndroidManifest.xml:14:22-75
22    <!-- Required by older versions of Google Play services to create IID tokens -->
23    <uses-permission android:name="com.google.android.c2dm.permission.RECEIVE" />
23-->[com.google.firebase:firebase-messaging:24.0.2] AndroidManifest.xml:26:5-82
23-->[com.google.firebase:firebase-messaging:24.0.2] AndroidManifest.xml:26:22-79
24    <uses-permission android:name="com.google.android.finsky.permission.BIND_GET_INSTALL_REFERRER_SERVICE" />
24-->[com.google.android.gms:play-services-measurement:22.1.2] AndroidManifest.xml:26:5-110
24-->[com.google.android.gms:play-services-measurement:22.1.2] AndroidManifest.xml:26:22-107
25    <uses-permission android:name="com.google.android.gms.permission.AD_ID" />
25-->[com.google.android.gms:play-services-measurement-impl:22.1.2] AndroidManifest.xml:27:5-79
25-->[com.google.android.gms:play-services-measurement-impl:22.1.2] AndroidManifest.xml:27:22-76
26    <uses-permission android:name="android.permission.ACCESS_ADSERVICES_ATTRIBUTION" />
26-->[com.google.android.gms:play-services-measurement-api:22.1.2] AndroidManifest.xml:26:5-88
26-->[com.google.android.gms:play-services-measurement-api:22.1.2] AndroidManifest.xml:26:22-85
27    <uses-permission android:name="android.permission.ACCESS_ADSERVICES_AD_ID" />
27-->[com.google.android.gms:play-services-measurement-api:22.1.2] AndroidManifest.xml:27:5-82
27-->[com.google.android.gms:play-services-measurement-api:22.1.2] AndroidManifest.xml:27:22-79
28
29    <permission
29-->[androidx.core:core:1.12.0] AndroidManifest.xml:22:5-24:47
30        android:name="com.antivol.mobile.DYNAMIC_RECEIVER_NOT_EXPORTED_PERMISSION"
30-->[androidx.core:core:1.12.0] AndroidManifest.xml:23:9-81
31        android:protectionLevel="signature" />
31-->[androidx.core:core:1.12.0] AndroidManifest.xml:24:9-44
32
33    <uses-permission android:name="com.antivol.mobile.DYNAMIC_RECEIVER_NOT_EXPORTED_PERMISSION" />
33-->[androidx.core:core:1.12.0] AndroidManifest.xml:26:5-97
33-->[androidx.core:core:1.12.0] AndroidManifest.xml:26:22-94
34
35    <application
35-->src\main\AndroidManifest.xml:16:5-82:19
36        android:name="com.antivol.mobile.AntiVolApp"
36-->src\main\AndroidManifest.xml:17:9-35
37        android:allowBackup="true"
37-->src\main\AndroidManifest.xml:18:9-35
38        android:appComponentFactory="androidx.core.app.CoreComponentFactory"
38-->[androidx.core:core:1.12.0] AndroidManifest.xml:28:18-86
39        android:debuggable="true"
40        android:extractNativeLibs="true"
41        android:icon="@drawable/ic_launcher_foreground"
41-->src\main\AndroidManifest.xml:19:9-56
42        android:label="@string/app_name"
42-->src\main\AndroidManifest.xml:20:9-41
43        android:networkSecurityConfig="@xml/network_security_config"
43-->src\main\AndroidManifest.xml:24:9-69
44        android:supportsRtl="true"
44-->src\main\AndroidManifest.xml:21:9-35
45        android:theme="@style/Theme.Antivol"
45-->src\main\AndroidManifest.xml:22:9-45
46        android:usesCleartextTraffic="true" >
46-->src\main\AndroidManifest.xml:23:9-44
47        <activity
47-->src\main\AndroidManifest.xml:26:9-34:20
48            android:name="com.antivol.mobile.MainActivity"
48-->src\main\AndroidManifest.xml:27:13-41
49            android:exported="true"
49-->src\main\AndroidManifest.xml:28:13-36
50            android:theme="@style/Theme.Antivol" >
50-->src\main\AndroidManifest.xml:29:13-49
51            <intent-filter>
51-->src\main\AndroidManifest.xml:30:13-33:29
52                <action android:name="android.intent.action.MAIN" />
52-->src\main\AndroidManifest.xml:31:17-69
52-->src\main\AndroidManifest.xml:31:25-66
53
54                <category android:name="android.intent.category.LAUNCHER" />
54-->src\main\AndroidManifest.xml:32:17-77
54-->src\main\AndroidManifest.xml:32:27-74
55            </intent-filter>
56        </activity>
57        <activity
57-->src\main\AndroidManifest.xml:36:9-42:90
58            android:name="com.antivol.mobile.ui.lock.LockActivity"
58-->src\main\AndroidManifest.xml:37:13-49
59            android:configChanges="orientation|screenSize|screenLayout|keyboardHidden"
59-->src\main\AndroidManifest.xml:42:13-87
60            android:exported="false"
60-->src\main\AndroidManifest.xml:38:13-37
61            android:showOnLockScreen="true"
61-->src\main\AndroidManifest.xml:41:13-44
62            android:showWhenLocked="true"
62-->src\main\AndroidManifest.xml:39:13-42
63            android:turnScreenOn="true" />
63-->src\main\AndroidManifest.xml:40:13-40
64
65        <receiver
65-->src\main\AndroidManifest.xml:44:9-52:20
66            android:name="com.antivol.mobile.receiver.BootReceiver"
66-->src\main\AndroidManifest.xml:45:13-50
67            android:enabled="true"
67-->src\main\AndroidManifest.xml:46:13-35
68            android:exported="false" >
68-->src\main\AndroidManifest.xml:47:13-37
69            <intent-filter>
69-->src\main\AndroidManifest.xml:48:13-51:29
70                <action android:name="android.intent.action.BOOT_COMPLETED" />
70-->src\main\AndroidManifest.xml:49:17-79
70-->src\main\AndroidManifest.xml:49:25-76
71                <action android:name="android.intent.action.QUICKBOOT_POWERON" />
71-->src\main\AndroidManifest.xml:50:17-82
71-->src\main\AndroidManifest.xml:50:25-79
72            </intent-filter>
73        </receiver>
74        <receiver
74-->src\main\AndroidManifest.xml:54:9-66:20
75            android:name="com.antivol.mobile.receiver.AdminReceiver"
75-->src\main\AndroidManifest.xml:55:13-51
76            android:exported="false"
76-->src\main\AndroidManifest.xml:56:13-37
77            android:permission="android.permission.BIND_DEVICE_ADMIN" >
77-->src\main\AndroidManifest.xml:57:13-70
78            <meta-data
78-->src\main\AndroidManifest.xml:58:13-60:56
79                android:name="android.app.device_admin"
79-->src\main\AndroidManifest.xml:59:17-56
80                android:resource="@xml/device_admin" />
80-->src\main\AndroidManifest.xml:60:17-53
81
82            <intent-filter>
82-->src\main\AndroidManifest.xml:61:13-65:29
83                <action android:name="android.app.action.DEVICE_ADMIN_ENABLED" />
83-->src\main\AndroidManifest.xml:62:17-82
83-->src\main\AndroidManifest.xml:62:25-79
84                <action android:name="android.app.action.DEVICE_ADMIN_DISABLE_REQUESTED" />
84-->src\main\AndroidManifest.xml:63:17-92
84-->src\main\AndroidManifest.xml:63:25-89
85                <action android:name="android.app.action.DEVICE_ADMIN_DISABLED" />
85-->src\main\AndroidManifest.xml:64:17-83
85-->src\main\AndroidManifest.xml:64:25-80
86            </intent-filter>
87        </receiver>
88
89        <service
89-->src\main\AndroidManifest.xml:68:9-72:56
90            android:name="com.antivol.mobile.service.MonitorService"
90-->src\main\AndroidManifest.xml:69:13-51
91            android:enabled="true"
91-->src\main\AndroidManifest.xml:70:13-35
92            android:exported="false"
92-->src\main\AndroidManifest.xml:71:13-37
93            android:foregroundServiceType="location" />
93-->src\main\AndroidManifest.xml:72:13-53
94        <service
94-->src\main\AndroidManifest.xml:74:9-80:19
95            android:name="com.antivol.mobile.service.AntivolFirebaseService"
95-->src\main\AndroidManifest.xml:75:13-59
96            android:exported="false" >
96-->src\main\AndroidManifest.xml:76:13-37
97            <intent-filter>
97-->src\main\AndroidManifest.xml:77:13-79:29
98                <action android:name="com.google.firebase.MESSAGING_EVENT" />
98-->src\main\AndroidManifest.xml:78:17-78
98-->src\main\AndroidManifest.xml:78:25-75
99            </intent-filter>
100        </service>
101
102        <receiver
102-->[com.google.firebase:firebase-messaging:24.0.2] AndroidManifest.xml:29:9-40:20
103            android:name="com.google.firebase.iid.FirebaseInstanceIdReceiver"
103-->[com.google.firebase:firebase-messaging:24.0.2] AndroidManifest.xml:30:13-78
104            android:exported="true"
104-->[com.google.firebase:firebase-messaging:24.0.2] AndroidManifest.xml:31:13-36
105            android:permission="com.google.android.c2dm.permission.SEND" >
105-->[com.google.firebase:firebase-messaging:24.0.2] AndroidManifest.xml:32:13-73
106            <intent-filter>
106-->[com.google.firebase:firebase-messaging:24.0.2] AndroidManifest.xml:33:13-35:29
107                <action android:name="com.google.android.c2dm.intent.RECEIVE" />
107-->[com.google.firebase:firebase-messaging:24.0.2] AndroidManifest.xml:34:17-81
107-->[com.google.firebase:firebase-messaging:24.0.2] AndroidManifest.xml:34:25-78
108            </intent-filter>
109
110            <meta-data
110-->[com.google.firebase:firebase-messaging:24.0.2] AndroidManifest.xml:37:13-39:40
111                android:name="com.google.android.gms.cloudmessaging.FINISHED_AFTER_HANDLED"
111-->[com.google.firebase:firebase-messaging:24.0.2] AndroidManifest.xml:38:17-92
112                android:value="true" />
112-->[com.google.firebase:firebase-messaging:24.0.2] AndroidManifest.xml:39:17-37
113        </receiver>
114        <!--
115             FirebaseMessagingService performs security checks at runtime,
116             but set to not exported to explicitly avoid allowing another app to call it.
117        -->
118        <service
118-->[com.google.firebase:firebase-messaging:24.0.2] AndroidManifest.xml:46:9-53:19
119            android:name="com.google.firebase.messaging.FirebaseMessagingService"
119-->[com.google.firebase:firebase-messaging:24.0.2] AndroidManifest.xml:47:13-82
120            android:directBootAware="true"
120-->[com.google.firebase:firebase-messaging:24.0.2] AndroidManifest.xml:48:13-43
121            android:exported="false" >
121-->[com.google.firebase:firebase-messaging:24.0.2] AndroidManifest.xml:49:13-37
122            <intent-filter android:priority="-500" >
122-->src\main\AndroidManifest.xml:77:13-79:29
123                <action android:name="com.google.firebase.MESSAGING_EVENT" />
123-->src\main\AndroidManifest.xml:78:17-78
123-->src\main\AndroidManifest.xml:78:25-75
124            </intent-filter>
125        </service>
126        <service
126-->[com.google.firebase:firebase-messaging:24.0.2] AndroidManifest.xml:54:9-63:19
127            android:name="com.google.firebase.components.ComponentDiscoveryService"
127-->[com.google.firebase:firebase-messaging:24.0.2] AndroidManifest.xml:55:13-84
128            android:directBootAware="true"
128-->[com.google.firebase:firebase-common:21.0.0] AndroidManifest.xml:32:13-43
129            android:exported="false" >
129-->[com.google.firebase:firebase-messaging:24.0.2] AndroidManifest.xml:56:13-37
130            <meta-data
130-->[com.google.firebase:firebase-messaging:24.0.2] AndroidManifest.xml:57:13-59:85
131                android:name="com.google.firebase.components:com.google.firebase.messaging.FirebaseMessagingKtxRegistrar"
131-->[com.google.firebase:firebase-messaging:24.0.2] AndroidManifest.xml:58:17-122
132                android:value="com.google.firebase.components.ComponentRegistrar" />
132-->[com.google.firebase:firebase-messaging:24.0.2] AndroidManifest.xml:59:17-82
133            <meta-data
133-->[com.google.firebase:firebase-messaging:24.0.2] AndroidManifest.xml:60:13-62:85
134                android:name="com.google.firebase.components:com.google.firebase.messaging.FirebaseMessagingRegistrar"
134-->[com.google.firebase:firebase-messaging:24.0.2] AndroidManifest.xml:61:17-119
135                android:value="com.google.firebase.components.ComponentRegistrar" />
135-->[com.google.firebase:firebase-messaging:24.0.2] AndroidManifest.xml:62:17-82
136            <meta-data
136-->[com.google.android.gms:play-services-measurement-api:22.1.2] AndroidManifest.xml:37:13-39:85
137                android:name="com.google.firebase.components:com.google.firebase.analytics.connector.internal.AnalyticsConnectorRegistrar"
137-->[com.google.android.gms:play-services-measurement-api:22.1.2] AndroidManifest.xml:38:17-139
138                android:value="com.google.firebase.components.ComponentRegistrar" />
138-->[com.google.android.gms:play-services-measurement-api:22.1.2] AndroidManifest.xml:39:17-82
139            <meta-data
139-->[com.google.firebase:firebase-installations:18.0.0] AndroidManifest.xml:15:13-17:85
140                android:name="com.google.firebase.components:com.google.firebase.installations.FirebaseInstallationsKtxRegistrar"
140-->[com.google.firebase:firebase-installations:18.0.0] AndroidManifest.xml:16:17-130
141                android:value="com.google.firebase.components.ComponentRegistrar" />
141-->[com.google.firebase:firebase-installations:18.0.0] AndroidManifest.xml:17:17-82
142            <meta-data
142-->[com.google.firebase:firebase-installations:18.0.0] AndroidManifest.xml:18:13-20:85
143                android:name="com.google.firebase.components:com.google.firebase.installations.FirebaseInstallationsRegistrar"
143-->[com.google.firebase:firebase-installations:18.0.0] AndroidManifest.xml:19:17-127
144                android:value="com.google.firebase.components.ComponentRegistrar" />
144-->[com.google.firebase:firebase-installations:18.0.0] AndroidManifest.xml:20:17-82
145            <meta-data
145-->[com.google.firebase:firebase-common-ktx:21.0.0] AndroidManifest.xml:12:13-14:85
146                android:name="com.google.firebase.components:com.google.firebase.ktx.FirebaseCommonLegacyRegistrar"
146-->[com.google.firebase:firebase-common-ktx:21.0.0] AndroidManifest.xml:13:17-116
147                android:value="com.google.firebase.components.ComponentRegistrar" />
147-->[com.google.firebase:firebase-common-ktx:21.0.0] AndroidManifest.xml:14:17-82
148            <meta-data
148-->[com.google.firebase:firebase-common:21.0.0] AndroidManifest.xml:35:13-37:85
149                android:name="com.google.firebase.components:com.google.firebase.FirebaseCommonKtxRegistrar"
149-->[com.google.firebase:firebase-common:21.0.0] AndroidManifest.xml:36:17-109
150                android:value="com.google.firebase.components.ComponentRegistrar" />
150-->[com.google.firebase:firebase-common:21.0.0] AndroidManifest.xml:37:17-82
151            <meta-data
151-->[com.google.firebase:firebase-datatransport:18.2.0] AndroidManifest.xml:25:13-27:85
152                android:name="com.google.firebase.components:com.google.firebase.datatransport.TransportRegistrar"
152-->[com.google.firebase:firebase-datatransport:18.2.0] AndroidManifest.xml:26:17-115
153                android:value="com.google.firebase.components.ComponentRegistrar" />
153-->[com.google.firebase:firebase-datatransport:18.2.0] AndroidManifest.xml:27:17-82
154        </service>
155
156        <receiver
156-->[com.google.android.gms:play-services-measurement:22.1.2] AndroidManifest.xml:29:9-33:20
157            android:name="com.google.android.gms.measurement.AppMeasurementReceiver"
157-->[com.google.android.gms:play-services-measurement:22.1.2] AndroidManifest.xml:30:13-85
158            android:enabled="true"
158-->[com.google.android.gms:play-services-measurement:22.1.2] AndroidManifest.xml:31:13-35
159            android:exported="false" >
159-->[com.google.android.gms:play-services-measurement:22.1.2] AndroidManifest.xml:32:13-37
160        </receiver>
161
162        <service
162-->[com.google.android.gms:play-services-measurement:22.1.2] AndroidManifest.xml:35:9-38:40
163            android:name="com.google.android.gms.measurement.AppMeasurementService"
163-->[com.google.android.gms:play-services-measurement:22.1.2] AndroidManifest.xml:36:13-84
164            android:enabled="true"
164-->[com.google.android.gms:play-services-measurement:22.1.2] AndroidManifest.xml:37:13-35
165            android:exported="false" />
165-->[com.google.android.gms:play-services-measurement:22.1.2] AndroidManifest.xml:38:13-37
166        <service
166-->[com.google.android.gms:play-services-measurement:22.1.2] AndroidManifest.xml:39:9-43:72
167            android:name="com.google.android.gms.measurement.AppMeasurementJobService"
167-->[com.google.android.gms:play-services-measurement:22.1.2] AndroidManifest.xml:40:13-87
168            android:enabled="true"
168-->[com.google.android.gms:play-services-measurement:22.1.2] AndroidManifest.xml:41:13-35
169            android:exported="false"
169-->[com.google.android.gms:play-services-measurement:22.1.2] AndroidManifest.xml:42:13-37
170            android:permission="android.permission.BIND_JOB_SERVICE" />
170-->[com.google.android.gms:play-services-measurement:22.1.2] AndroidManifest.xml:43:13-69
171
172        <activity
172-->[com.google.android.gms:play-services-base:18.5.0] AndroidManifest.xml:5:9-173
173            android:name="com.google.android.gms.common.api.GoogleApiActivity"
173-->[com.google.android.gms:play-services-base:18.5.0] AndroidManifest.xml:5:19-85
174            android:exported="false"
174-->[com.google.android.gms:play-services-base:18.5.0] AndroidManifest.xml:5:146-170
175            android:theme="@android:style/Theme.Translucent.NoTitleBar" />
175-->[com.google.android.gms:play-services-base:18.5.0] AndroidManifest.xml:5:86-145
176
177        <property
177-->[com.google.android.gms:play-services-measurement-api:22.1.2] AndroidManifest.xml:30:9-32:61
178            android:name="android.adservices.AD_SERVICES_CONFIG"
178-->[com.google.android.gms:play-services-measurement-api:22.1.2] AndroidManifest.xml:31:13-65
179            android:resource="@xml/ga_ad_services_config" />
179-->[com.google.android.gms:play-services-measurement-api:22.1.2] AndroidManifest.xml:32:13-58
180
181        <provider
181-->[com.google.firebase:firebase-common:21.0.0] AndroidManifest.xml:23:9-28:39
182            android:name="com.google.firebase.provider.FirebaseInitProvider"
182-->[com.google.firebase:firebase-common:21.0.0] AndroidManifest.xml:24:13-77
183            android:authorities="com.antivol.mobile.firebaseinitprovider"
183-->[com.google.firebase:firebase-common:21.0.0] AndroidManifest.xml:25:13-72
184            android:directBootAware="true"
184-->[com.google.firebase:firebase-common:21.0.0] AndroidManifest.xml:26:13-43
185            android:exported="false"
185-->[com.google.firebase:firebase-common:21.0.0] AndroidManifest.xml:27:13-37
186            android:initOrder="100" />
186-->[com.google.firebase:firebase-common:21.0.0] AndroidManifest.xml:28:13-36
187
188        <activity
188-->[androidx.compose.ui:ui-tooling-android:1.6.1] AndroidManifest.xml:23:9-25:39
189            android:name="androidx.compose.ui.tooling.PreviewActivity"
189-->[androidx.compose.ui:ui-tooling-android:1.6.1] AndroidManifest.xml:24:13-71
190            android:exported="true" />
190-->[androidx.compose.ui:ui-tooling-android:1.6.1] AndroidManifest.xml:25:13-36
191
192        <provider
192-->[androidx.emoji2:emoji2:1.3.0] AndroidManifest.xml:24:9-32:20
193            android:name="androidx.startup.InitializationProvider"
193-->[androidx.emoji2:emoji2:1.3.0] AndroidManifest.xml:25:13-67
194            android:authorities="com.antivol.mobile.androidx-startup"
194-->[androidx.emoji2:emoji2:1.3.0] AndroidManifest.xml:26:13-68
195            android:exported="false" >
195-->[androidx.emoji2:emoji2:1.3.0] AndroidManifest.xml:27:13-37
196            <meta-data
196-->[androidx.emoji2:emoji2:1.3.0] AndroidManifest.xml:29:13-31:52
197                android:name="androidx.emoji2.text.EmojiCompatInitializer"
197-->[androidx.emoji2:emoji2:1.3.0] AndroidManifest.xml:30:17-75
198                android:value="androidx.startup" />
198-->[androidx.emoji2:emoji2:1.3.0] AndroidManifest.xml:31:17-49
199            <meta-data
199-->[androidx.lifecycle:lifecycle-process:2.7.0] AndroidManifest.xml:29:13-31:52
200                android:name="androidx.lifecycle.ProcessLifecycleInitializer"
200-->[androidx.lifecycle:lifecycle-process:2.7.0] AndroidManifest.xml:30:17-78
201                android:value="androidx.startup" />
201-->[androidx.lifecycle:lifecycle-process:2.7.0] AndroidManifest.xml:31:17-49
202            <meta-data
202-->[androidx.profileinstaller:profileinstaller:1.3.0] AndroidManifest.xml:29:13-31:52
203                android:name="androidx.profileinstaller.ProfileInstallerInitializer"
203-->[androidx.profileinstaller:profileinstaller:1.3.0] AndroidManifest.xml:30:17-85
204                android:value="androidx.startup" />
204-->[androidx.profileinstaller:profileinstaller:1.3.0] AndroidManifest.xml:31:17-49
205        </provider>
206
207        <uses-library
207-->[androidx.privacysandbox.ads:ads-adservices:1.0.0-beta05] AndroidManifest.xml:23:9-25:40
208            android:name="android.ext.adservices"
208-->[androidx.privacysandbox.ads:ads-adservices:1.0.0-beta05] AndroidManifest.xml:24:13-50
209            android:required="false" />
209-->[androidx.privacysandbox.ads:ads-adservices:1.0.0-beta05] AndroidManifest.xml:25:13-37
210
211        <meta-data
211-->[com.google.android.gms:play-services-basement:18.4.0] AndroidManifest.xml:6:9-122
212            android:name="com.google.android.gms.version"
212-->[com.google.android.gms:play-services-basement:18.4.0] AndroidManifest.xml:6:20-65
213            android:value="@integer/google_play_services_version" />
213-->[com.google.android.gms:play-services-basement:18.4.0] AndroidManifest.xml:6:66-119
214
215        <service
215-->[com.google.android.datatransport:transport-backend-cct:3.1.9] AndroidManifest.xml:28:9-34:19
216            android:name="com.google.android.datatransport.runtime.backends.TransportBackendDiscovery"
216-->[com.google.android.datatransport:transport-backend-cct:3.1.9] AndroidManifest.xml:29:13-103
217            android:exported="false" >
217-->[com.google.android.datatransport:transport-backend-cct:3.1.9] AndroidManifest.xml:30:13-37
218            <meta-data
218-->[com.google.android.datatransport:transport-backend-cct:3.1.9] AndroidManifest.xml:31:13-33:39
219                android:name="backend:com.google.android.datatransport.cct.CctBackendFactory"
219-->[com.google.android.datatransport:transport-backend-cct:3.1.9] AndroidManifest.xml:32:17-94
220                android:value="cct" />
220-->[com.google.android.datatransport:transport-backend-cct:3.1.9] AndroidManifest.xml:33:17-36
221        </service>
222        <service
222-->[com.google.android.datatransport:transport-runtime:3.1.9] AndroidManifest.xml:26:9-30:19
223            android:name="com.google.android.datatransport.runtime.scheduling.jobscheduling.JobInfoSchedulerService"
223-->[com.google.android.datatransport:transport-runtime:3.1.9] AndroidManifest.xml:27:13-117
224            android:exported="false"
224-->[com.google.android.datatransport:transport-runtime:3.1.9] AndroidManifest.xml:28:13-37
225            android:permission="android.permission.BIND_JOB_SERVICE" >
225-->[com.google.android.datatransport:transport-runtime:3.1.9] AndroidManifest.xml:29:13-69
226        </service>
227
228        <receiver
228-->[com.google.android.datatransport:transport-runtime:3.1.9] AndroidManifest.xml:32:9-34:40
229            android:name="com.google.android.datatransport.runtime.scheduling.jobscheduling.AlarmManagerSchedulerBroadcastReceiver"
229-->[com.google.android.datatransport:transport-runtime:3.1.9] AndroidManifest.xml:33:13-132
230            android:exported="false" />
230-->[com.google.android.datatransport:transport-runtime:3.1.9] AndroidManifest.xml:34:13-37
231        <receiver
231-->[androidx.profileinstaller:profileinstaller:1.3.0] AndroidManifest.xml:34:9-52:20
232            android:name="androidx.profileinstaller.ProfileInstallReceiver"
232-->[androidx.profileinstaller:profileinstaller:1.3.0] AndroidManifest.xml:35:13-76
233            android:directBootAware="false"
233-->[androidx.profileinstaller:profileinstaller:1.3.0] AndroidManifest.xml:36:13-44
234            android:enabled="true"
234-->[androidx.profileinstaller:profileinstaller:1.3.0] AndroidManifest.xml:37:13-35
235            android:exported="true"
235-->[androidx.profileinstaller:profileinstaller:1.3.0] AndroidManifest.xml:38:13-36
236            android:permission="android.permission.DUMP" >
236-->[androidx.profileinstaller:profileinstaller:1.3.0] AndroidManifest.xml:39:13-57
237            <intent-filter>
237-->[androidx.profileinstaller:profileinstaller:1.3.0] AndroidManifest.xml:40:13-42:29
238                <action android:name="androidx.profileinstaller.action.INSTALL_PROFILE" />
238-->[androidx.profileinstaller:profileinstaller:1.3.0] AndroidManifest.xml:41:17-91
238-->[androidx.profileinstaller:profileinstaller:1.3.0] AndroidManifest.xml:41:25-88
239            </intent-filter>
240            <intent-filter>
240-->[androidx.profileinstaller:profileinstaller:1.3.0] AndroidManifest.xml:43:13-45:29
241                <action android:name="androidx.profileinstaller.action.SKIP_FILE" />
241-->[androidx.profileinstaller:profileinstaller:1.3.0] AndroidManifest.xml:44:17-85
241-->[androidx.profileinstaller:profileinstaller:1.3.0] AndroidManifest.xml:44:25-82
242            </intent-filter>
243            <intent-filter>
243-->[androidx.profileinstaller:profileinstaller:1.3.0] AndroidManifest.xml:46:13-48:29
244                <action android:name="androidx.profileinstaller.action.SAVE_PROFILE" />
244-->[androidx.profileinstaller:profileinstaller:1.3.0] AndroidManifest.xml:47:17-88
244-->[androidx.profileinstaller:profileinstaller:1.3.0] AndroidManifest.xml:47:25-85
245            </intent-filter>
246            <intent-filter>
246-->[androidx.profileinstaller:profileinstaller:1.3.0] AndroidManifest.xml:49:13-51:29
247                <action android:name="androidx.profileinstaller.action.BENCHMARK_OPERATION" />
247-->[androidx.profileinstaller:profileinstaller:1.3.0] AndroidManifest.xml:50:17-95
247-->[androidx.profileinstaller:profileinstaller:1.3.0] AndroidManifest.xml:50:25-92
248            </intent-filter>
249        </receiver>
250    </application>
251
252</manifest>